[0.130s] DEBUG:colcon:Command line arguments: ['/usr/bin/colcon', 'build', '--symlink-install']
[0.130s] DEBUG:colcon:Parsed command line arguments: Namespace(log_base=None, log_level=None, verb_name='build', build_base='build', install_base='install', merge_install=False, symlink_install=True, test_result_base=None, continue_on_error=False, executor='parallel', parallel_workers=16, event_handlers=None, ignore_user_meta=False, metas=['./colcon.meta'], base_paths=['.'], packages_ignore=None, packages_ignore_regex=None, paths=None, packages_up_to=None, packages_up_to_regex=None, packages_above=None, packages_above_and_dependencies=None, packages_above_depth=None, packages_select_by_dep=None, packages_skip_by_dep=None, packages_skip_up_to=None, packages_select_build_failed=False, packages_skip_build_finished=False, packages_select_test_failures=False, packages_skip_test_passed=False, packages_select=None, packages_skip=None, packages_select_regex=None, packages_skip_regex=None, packages_start=None, packages_end=None, allow_overriding=[], cmake_args=None, cmake_target=None, cmake_target_skip_unavailable=False, cmake_clean_cache=False, cmake_clean_first=False, cmake_force_configure=False, ament_cmake_args=None, catkin_cmake_args=None, catkin_skip_building_tests=False, mixin_files=None, mixin=None, verb_parser=<colcon_mixin.mixin.mixin_argument.MixinArgumentDecorator object at 0x7d0f621dd930>, verb_extension=<colcon_core.verb.build.BuildVerb object at 0x7d0f621dd480>, main=<bound method BuildVerb.main of <colcon_core.verb.build.BuildVerb object at 0x7d0f621dd480>>, mixin_verb=('build',))
[0.247s] Level 1:colcon.colcon_core.package_discovery:discover_packages(colcon_meta) check parameters
[0.247s] Level 1:colcon.colcon_core.package_discovery:discover_packages(recursive) check parameters
[0.247s] Level 1:colcon.colcon_core.package_discovery:discover_packages(ignore) check parameters
[0.247s] Level 1:colcon.colcon_core.package_discovery:discover_packages(path) check parameters
[0.247s] Level 1:colcon.colcon_core.package_discovery:discover_packages(colcon_meta) discover
[0.247s] Level 1:colcon.colcon_core.package_discovery:discover_packages(recursive) discover
[0.247s] INFO:colcon.colcon_core.package_discovery:Crawling recursively for packages in '/home/ip_m/IP-Marsrover/src/osr-rover-code/ROS/osr_gazebo'
[0.247s] Level 1:colcon.colcon_core.package_identification:_identify(.) by extensions ['ignore', 'ignore_ament_install']
[0.247s] Level 1:colcon.colcon_core.package_identification:_identify(.) by extension 'ignore'
[0.247s] Level 1:colcon.colcon_core.package_identification:_identify(.) by extension 'ignore_ament_install'
[0.247s] Level 1:colcon.colcon_core.package_identification:_identify(.) by extensions ['colcon_pkg']
[0.247s] Level 1:colcon.colcon_core.package_identification:_identify(.) by extension 'colcon_pkg'
[0.248s] Level 1:colcon.colcon_core.package_identification:_identify(.) by extensions ['colcon_meta']
[0.248s] Level 1:colcon.colcon_core.package_identification:_identify(.) by extension 'colcon_meta'
[0.248s] Level 1:colcon.colcon_core.package_identification:_identify(.) by extensions ['ros']
[0.248s] Level 1:colcon.colcon_core.package_identification:_identify(.) by extension 'ros'
[0.257s] DEBUG:colcon.colcon_core.package_identification:Package '.' with type 'ros.ament_cmake' and name 'osr_gazebo'
[0.257s] Level 1:colcon.colcon_core.package_discovery:discover_packages(recursive) using defaults
[0.257s] Level 1:colcon.colcon_core.package_discovery:discover_packages(ignore) discover
[0.257s] Level 1:colcon.colcon_core.package_discovery:discover_packages(ignore) using defaults
[0.257s] Level 1:colcon.colcon_core.package_discovery:discover_packages(path) discover
[0.257s] Level 1:colcon.colcon_core.package_discovery:discover_packages(path) using defaults
[0.276s] Level 1:colcon.colcon_core.package_discovery:discover_packages(prefix_path) check parameters
[0.276s] Level 1:colcon.colcon_core.package_discovery:discover_packages(prefix_path) discover
[0.277s] DEBUG:colcon.colcon_installed_package_information.package_discovery:Found 310 installed packages in /opt/ros/humble
[0.278s] Level 1:colcon.colcon_core.package_discovery:discover_packages(prefix_path) using defaults
[0.303s] Level 5:colcon.colcon_core.verb:set package 'osr_gazebo' build argument 'cmake_args' from command line to 'None'
[0.303s] Level 5:colcon.colcon_core.verb:set package 'osr_gazebo' build argument 'cmake_target' from command line to 'None'
[0.303s] Level 5:colcon.colcon_core.verb:set package 'osr_gazebo' build argument 'cmake_target_skip_unavailable' from command line to 'False'
[0.303s] Level 5:colcon.colcon_core.verb:set package 'osr_gazebo' build argument 'cmake_clean_cache' from command line to 'False'
[0.303s] Level 5:colcon.colcon_core.verb:set package 'osr_gazebo' build argument 'cmake_clean_first' from command line to 'False'
[0.303s] Level 5:colcon.colcon_core.verb:set package 'osr_gazebo' build argument 'cmake_force_configure' from command line to 'False'
[0.303s] Level 5:colcon.colcon_core.verb:set package 'osr_gazebo' build argument 'ament_cmake_args' from command line to 'None'
[0.303s] Level 5:colcon.colcon_core.verb:set package 'osr_gazebo' build argument 'catkin_cmake_args' from command line to 'None'
[0.303s] Level 5:colcon.colcon_core.verb:set package 'osr_gazebo' build argument 'catkin_skip_building_tests' from command line to 'False'
[0.303s] DEBUG:colcon.colcon_core.verb:Building package 'osr_gazebo' with the following arguments: {'ament_cmake_args': None, 'build_base': '/home/ip_m/IP-Marsrover/src/osr-rover-code/ROS/osr_gazebo/build/osr_gazebo', 'catkin_cmake_args': None, 'catkin_skip_building_tests': False, 'cmake_args': None, 'cmake_clean_cache': False, 'cmake_clean_first': False, 'cmake_force_configure': False, 'cmake_target': None, 'cmake_target_skip_unavailable': False, 'install_base': '/home/ip_m/IP-Marsrover/src/osr-rover-code/ROS/osr_gazebo/install/osr_gazebo', 'merge_install': False, 'path': '/home/ip_m/IP-Marsrover/src/osr-rover-code/ROS/osr_gazebo', 'symlink_install': True, 'test_result_base': None}
[0.303s] INFO:colcon.colcon_core.executor:Executing jobs using 'parallel' executor
[0.304s] DEBUG:colcon.colcon_parallel_executor.executor.parallel:run_until_complete
[0.304s] INFO:colcon.colcon_ros.task.ament_cmake.build:Building ROS package in '/home/ip_m/IP-Marsrover/src/osr-rover-code/ROS/osr_gazebo' with build type 'ament_cmake'
[0.304s] INFO:colcon.colcon_cmake.task.cmake.build:Building CMake package in '/home/ip_m/IP-Marsrover/src/osr-rover-code/ROS/osr_gazebo'
[0.306s] INFO:colcon.colcon_core.plugin_system:Skipping extension 'colcon_core.shell.bat': Not used on non-Windows systems
[0.306s] INFO:colcon.colcon_core.shell:Skip shell extension 'powershell' for command environment: Not usable outside of PowerShell
[0.306s] DEBUG:colcon.colcon_core.shell:Skip shell extension 'dsv' for command environment
[0.315s] DEBUG:colcon.colcon_core.event_handler.log_command:Invoking command in '/home/ip_m/IP-Marsrover/src/osr-rover-code/ROS/osr_gazebo/build/osr_gazebo': CMAKE_PREFIX_PATH=/opt/ros/humble /usr/bin/cmake /home/ip_m/IP-Marsrover/src/osr-rover-code/ROS/osr_gazebo -DAMENT_CMAKE_SYMLINK_INSTALL=1 -DCMAKE_INSTALL_PREFIX=/home/ip_m/IP-Marsrover/src/osr-rover-code/ROS/osr_gazebo/install/osr_gazebo
[4.236s] DEBUG:colcon.colcon_core.event_handler.log_command:Invoked command in '/home/ip_m/IP-Marsrover/src/osr-rover-code/ROS/osr_gazebo/build/osr_gazebo' returned '0': CMAKE_PREFIX_PATH=/opt/ros/humble /usr/bin/cmake /home/ip_m/IP-Marsrover/src/osr-rover-code/ROS/osr_gazebo -DAMENT_CMAKE_SYMLINK_INSTALL=1 -DCMAKE_INSTALL_PREFIX=/home/ip_m/IP-Marsrover/src/osr-rover-code/ROS/osr_gazebo/install/osr_gazebo
[4.236s] DEBUG:colcon.colcon_core.event_handler.log_command:Invoking command in '/home/ip_m/IP-Marsrover/src/osr-rover-code/ROS/osr_gazebo/build/osr_gazebo': CMAKE_PREFIX_PATH=/opt/ros/humble /usr/bin/cmake --build /home/ip_m/IP-Marsrover/src/osr-rover-code/ROS/osr_gazebo/build/osr_gazebo -- -j16 -l16
[14.526s] DEBUG:colcon.colcon_core.event_handler.log_command:Invoked command in '/home/ip_m/IP-Marsrover/src/osr-rover-code/ROS/osr_gazebo/build/osr_gazebo' returned '0': CMAKE_PREFIX_PATH=/opt/ros/humble /usr/bin/cmake --build /home/ip_m/IP-Marsrover/src/osr-rover-code/ROS/osr_gazebo/build/osr_gazebo -- -j16 -l16
[14.535s] DEBUG:colcon.colcon_core.event_handler.log_command:Invoking command in '/home/ip_m/IP-Marsrover/src/osr-rover-code/ROS/osr_gazebo/build/osr_gazebo': CMAKE_PREFIX_PATH=/opt/ros/humble /usr/bin/cmake --install /home/ip_m/IP-Marsrover/src/osr-rover-code/ROS/osr_gazebo/build/osr_gazebo
[14.882s] Level 1:colcon.colcon_core.environment:create_environment_scripts_only(osr_gazebo)
[14.883s] DEBUG:colcon.colcon_core.event_handler.log_command:Invoked command in '/home/ip_m/IP-Marsrover/src/osr-rover-code/ROS/osr_gazebo/build/osr_gazebo' returned '0': CMAKE_PREFIX_PATH=/opt/ros/humble /usr/bin/cmake --install /home/ip_m/IP-Marsrover/src/osr-rover-code/ROS/osr_gazebo/build/osr_gazebo
[14.884s] Level 1:colcon.colcon_core.environment:checking '/home/ip_m/IP-Marsrover/src/osr-rover-code/ROS/osr_gazebo/install/osr_gazebo' for CMake module files
[14.884s] Level 1:colcon.colcon_core.environment:checking '/home/ip_m/IP-Marsrover/src/osr-rover-code/ROS/osr_gazebo/install/osr_gazebo' for CMake config files
[14.885s] Level 1:colcon.colcon_core.shell:create_environment_hook('osr_gazebo', 'cmake_prefix_path')
[14.885s] INFO:colcon.colcon_core.shell:Creating environment hook '/home/ip_m/IP-Marsrover/src/osr-rover-code/ROS/osr_gazebo/install/osr_gazebo/share/osr_gazebo/hook/cmake_prefix_path.ps1'
[14.886s] INFO:colcon.colcon_core.shell:Creating environment descriptor '/home/ip_m/IP-Marsrover/src/osr-rover-code/ROS/osr_gazebo/install/osr_gazebo/share/osr_gazebo/hook/cmake_prefix_path.dsv'
[14.886s] INFO:colcon.colcon_core.shell:Creating environment hook '/home/ip_m/IP-Marsrover/src/osr-rover-code/ROS/osr_gazebo/install/osr_gazebo/share/osr_gazebo/hook/cmake_prefix_path.sh'
[14.886s] Level 1:colcon.colcon_core.environment:checking '/home/ip_m/IP-Marsrover/src/osr-rover-code/ROS/osr_gazebo/install/osr_gazebo/lib'
[14.886s] Level 1:colcon.colcon_core.environment:checking '/home/ip_m/IP-Marsrover/src/osr-rover-code/ROS/osr_gazebo/install/osr_gazebo/bin'
[14.887s] Level 1:colcon.colcon_core.environment:checking '/home/ip_m/IP-Marsrover/src/osr-rover-code/ROS/osr_gazebo/install/osr_gazebo/lib/pkgconfig/osr_gazebo.pc'
[14.887s] Level 1:colcon.colcon_core.environment:checking '/home/ip_m/IP-Marsrover/src/osr-rover-code/ROS/osr_gazebo/install/osr_gazebo/lib/python3.10/site-packages'
[14.887s] Level 1:colcon.colcon_core.environment:checking '/home/ip_m/IP-Marsrover/src/osr-rover-code/ROS/osr_gazebo/install/osr_gazebo/bin'
[14.887s] INFO:colcon.colcon_core.shell:Creating package script '/home/ip_m/IP-Marsrover/src/osr-rover-code/ROS/osr_gazebo/install/osr_gazebo/share/osr_gazebo/package.ps1'
[14.887s] INFO:colcon.colcon_core.shell:Creating package descriptor '/home/ip_m/IP-Marsrover/src/osr-rover-code/ROS/osr_gazebo/install/osr_gazebo/share/osr_gazebo/package.dsv'
[14.888s] INFO:colcon.colcon_core.shell:Creating package script '/home/ip_m/IP-Marsrover/src/osr-rover-code/ROS/osr_gazebo/install/osr_gazebo/share/osr_gazebo/package.sh'
[14.888s] INFO:colcon.colcon_core.shell:Creating package script '/home/ip_m/IP-Marsrover/src/osr-rover-code/ROS/osr_gazebo/install/osr_gazebo/share/osr_gazebo/package.bash'
[14.888s] INFO:colcon.colcon_core.shell:Creating package script '/home/ip_m/IP-Marsrover/src/osr-rover-code/ROS/osr_gazebo/install/osr_gazebo/share/osr_gazebo/package.zsh'
[14.889s] Level 1:colcon.colcon_core.environment:create_file_with_runtime_dependencies(/home/ip_m/IP-Marsrover/src/osr-rover-code/ROS/osr_gazebo/install/osr_gazebo/share/colcon-core/packages/osr_gazebo)
[14.889s] Level 1:colcon.colcon_core.environment:create_environment_scripts_only(osr_gazebo)
[14.890s] Level 1:colcon.colcon_core.environment:checking '/home/ip_m/IP-Marsrover/src/osr-rover-code/ROS/osr_gazebo/install/osr_gazebo' for CMake module files
[14.890s] Level 1:colcon.colcon_core.environment:checking '/home/ip_m/IP-Marsrover/src/osr-rover-code/ROS/osr_gazebo/install/osr_gazebo' for CMake config files
[14.890s] Level 1:colcon.colcon_core.shell:create_environment_hook('osr_gazebo', 'cmake_prefix_path')
[14.890s] INFO:colcon.colcon_core.shell:Creating environment hook '/home/ip_m/IP-Marsrover/src/osr-rover-code/ROS/osr_gazebo/install/osr_gazebo/share/osr_gazebo/hook/cmake_prefix_path.ps1'
[14.891s] INFO:colcon.colcon_core.shell:Creating environment descriptor '/home/ip_m/IP-Marsrover/src/osr-rover-code/ROS/osr_gazebo/install/osr_gazebo/share/osr_gazebo/hook/cmake_prefix_path.dsv'
[14.891s] INFO:colcon.colcon_core.shell:Creating environment hook '/home/ip_m/IP-Marsrover/src/osr-rover-code/ROS/osr_gazebo/install/osr_gazebo/share/osr_gazebo/hook/cmake_prefix_path.sh'
[14.891s] Level 1:colcon.colcon_core.environment:checking '/home/ip_m/IP-Marsrover/src/osr-rover-code/ROS/osr_gazebo/install/osr_gazebo/lib'
[14.891s] Level 1:colcon.colcon_core.environment:checking '/home/ip_m/IP-Marsrover/src/osr-rover-code/ROS/osr_gazebo/install/osr_gazebo/bin'
[14.891s] Level 1:colcon.colcon_core.environment:checking '/home/ip_m/IP-Marsrover/src/osr-rover-code/ROS/osr_gazebo/install/osr_gazebo/lib/pkgconfig/osr_gazebo.pc'
[14.892s] Level 1:colcon.colcon_core.environment:checking '/home/ip_m/IP-Marsrover/src/osr-rover-code/ROS/osr_gazebo/install/osr_gazebo/lib/python3.10/site-packages'
[14.892s] Level 1:colcon.colcon_core.environment:checking '/home/ip_m/IP-Marsrover/src/osr-rover-code/ROS/osr_gazebo/install/osr_gazebo/bin'
[14.892s] INFO:colcon.colcon_core.shell:Creating package script '/home/ip_m/IP-Marsrover/src/osr-rover-code/ROS/osr_gazebo/install/osr_gazebo/share/osr_gazebo/package.ps1'
[14.892s] INFO:colcon.colcon_core.shell:Creating package descriptor '/home/ip_m/IP-Marsrover/src/osr-rover-code/ROS/osr_gazebo/install/osr_gazebo/share/osr_gazebo/package.dsv'
[14.892s] INFO:colcon.colcon_core.shell:Creating package script '/home/ip_m/IP-Marsrover/src/osr-rover-code/ROS/osr_gazebo/install/osr_gazebo/share/osr_gazebo/package.sh'
[14.893s] INFO:colcon.colcon_core.shell:Creating package script '/home/ip_m/IP-Marsrover/src/osr-rover-code/ROS/osr_gazebo/install/osr_gazebo/share/osr_gazebo/package.bash'
[14.893s] INFO:colcon.colcon_core.shell:Creating package script '/home/ip_m/IP-Marsrover/src/osr-rover-code/ROS/osr_gazebo/install/osr_gazebo/share/osr_gazebo/package.zsh'
[14.893s] Level 1:colcon.colcon_core.environment:create_file_with_runtime_dependencies(/home/ip_m/IP-Marsrover/src/osr-rover-code/ROS/osr_gazebo/install/osr_gazebo/share/colcon-core/packages/osr_gazebo)
[14.893s] DEBUG:colcon.colcon_parallel_executor.executor.parallel:closing loop
[14.893s] DEBUG:colcon.colcon_parallel_executor.executor.parallel:loop closed
[14.894s] DEBUG:colcon.colcon_parallel_executor.executor.parallel:run_until_complete finished with '0'
[14.894s] DEBUG:colcon.colcon_core.event_reactor:joining thread
[14.918s] INFO:colcon.colcon_core.plugin_system:Skipping extension 'colcon_notification.desktop_notification.notify_send': Could not find 'notify-send'
[14.918s] INFO:colcon.colcon_core.plugin_system:Skipping extension 'colcon_notification.desktop_notification.terminal_notifier': Not used on non-Darwin systems
[14.918s] INFO:colcon.colcon_core.plugin_system:Skipping extension 'colcon_notification.desktop_notification.win32': Not used on non-Windows systems
[14.918s] INFO:colcon.colcon_notification.desktop_notification:Sending desktop notification using 'notify2'
[14.919s] DEBUG:colcon.colcon_notification.desktop_notification.notify2:Failed to initialize notify2: org.freedesktop.DBus.Error.FileNotFound: Failed to connect to socket /run/user/1000/bus: No such file or directory
[14.919s] DEBUG:colcon.colcon_core.event_reactor:joined thread
[14.919s] INFO:colcon.colcon_core.shell:Creating prefix script '/home/ip_m/IP-Marsrover/src/osr-rover-code/ROS/osr_gazebo/install/local_setup.ps1'
[14.920s] INFO:colcon.colcon_core.shell:Creating prefix util module '/home/ip_m/IP-Marsrover/src/osr-rover-code/ROS/osr_gazebo/install/_local_setup_util_ps1.py'
[14.920s] INFO:colcon.colcon_core.shell:Creating prefix chain script '/home/ip_m/IP-Marsrover/src/osr-rover-code/ROS/osr_gazebo/install/setup.ps1'
[14.921s] INFO:colcon.colcon_core.shell:Creating prefix script '/home/ip_m/IP-Marsrover/src/osr-rover-code/ROS/osr_gazebo/install/local_setup.sh'
[14.921s] INFO:colcon.colcon_core.shell:Creating prefix util module '/home/ip_m/IP-Marsrover/src/osr-rover-code/ROS/osr_gazebo/install/_local_setup_util_sh.py'
[14.922s] INFO:colcon.colcon_core.shell:Creating prefix chain script '/home/ip_m/IP-Marsrover/src/osr-rover-code/ROS/osr_gazebo/install/setup.sh'
[14.922s] INFO:colcon.colcon_core.shell:Creating prefix script '/home/ip_m/IP-Marsrover/src/osr-rover-code/ROS/osr_gazebo/install/local_setup.bash'
[14.923s] INFO:colcon.colcon_core.shell:Creating prefix chain script '/home/ip_m/IP-Marsrover/src/osr-rover-code/ROS/osr_gazebo/install/setup.bash'
[14.923s] INFO:colcon.colcon_core.shell:Creating prefix script '/home/ip_m/IP-Marsrover/src/osr-rover-code/ROS/osr_gazebo/install/local_setup.zsh'
[14.923s] INFO:colcon.colcon_core.shell:Creating prefix chain script '/home/ip_m/IP-Marsrover/src/osr-rover-code/ROS/osr_gazebo/install/setup.zsh'
